                                 Started job on |	Oct 22 17:10:39
                             Started mapping on |	Oct 22 17:17:02
                                    Finished on |	Oct 22 17:33:26
       Mapping speed, Million of reads per hour |	108.95

                          Number of input reads |	29780248
                      Average input read length |	289
                                    UNIQUE READS:
                   Uniquely mapped reads number |	27144968
                        Uniquely mapped reads % |	91.15%
                          Average mapped length |	287.37
                       Number of splices: Total |	9331001
            Number of splices: Annotated (sjdb) |	9140442
                       Number of splices: GT/AG |	9225855
                       Number of splices: GC/AG |	75078
                       Number of splices: AT/AC |	7079
               Number of splices: Non-canonical |	22989
                      Mismatch rate per base, % |	0.41%
                         Deletion rate per base |	0.01%
                        Deletion average length |	1.43
                        Insertion rate per base |	0.00%
                       Insertion average length |	1.82
                             MULTI-MAPPING READS:
        Number of reads mapped to multiple loci |	1248328
             % of reads mapped to multiple loci |	4.19%
        Number of reads mapped to too many loci |	5059
             % of reads mapped to too many loci |	0.02%
                                  UNMAPPED READS:
       % of reads unmapped: too many mismatches |	0.00%
                 % of reads unmapped: too short |	4.58%
                     % of reads unmapped: other |	0.06%
                                  CHIMERIC READS:
                       Number of chimeric reads |	0
                            % of chimeric reads |	0.00%
